1677, -211
-1539, 1425
-153, -1907
990, 1983
695, -2047
-492, -2625
-1365, 2693
-1365, 2693
-782, -1463
-519, 1603
-519, 1603
-519, 1603
-2815, 2219
3456, 300
-519, 231
88, 184
88, 184
3979, -1993
-4340, -994
-4340, -994
-4340, -994
-1780, -1751
711, 2280
-1538, 2899
3421, -1314
3421, -1314
520, -715
-453, 320
-453, 320
-453, 320
-2213, 2837
3738, -930
-1703, -3193
-128, 3388
-128, 3388
441, -5799
-3542, 4392
-3542, 4392
-3542, 4392
2185, 1382
-458, -2211
-447, -1748
-1284, 2029
-1284, 2029
-373, -2046
-940, 1837
-940, 1837
-940, 1837
-924, 4223
2849, -2742
744, 339
-209, -656
-209, -656
-1232, -865
591, 1536
591, 1536
591, 1536
-1744, 884
1882, 444
2752, 1134
-1600, -2592
-1600, -2592
-924, -1626
-432, 1520
-432, 1520
-432, 1520
1438, -1203
-2109, 304
1228, 1259
-325, -1556
-325, -1556
3698, 1759
-1321, -3506
-1321, -3506
-1321, -3506
-2692, -380
2279, 1741
2588, 2932
-5, -3995
-5, -3995
-1208, 5794
4663, -3325
4663, -3325
4663, -3325
1849, 1264
-647, -2282
-87, 1586
1361, -1096
1361, -1096
-285, -392
-331, 336
-331, 336
-331, 336
1605, 720
-1333, -1614
-3473, -168
2383, 2376
2383, 2376
3391, -1736
-3479, -978
-3479, -978
-3479, -978
667, -4197
-3042, 2942
97, 275
-48, 190
-48, 190
-575, -4193
-2426, 3592
-2426, 3592
-2426, 3592
2751, -780
-2579, -1286
557, 460
-161, -494
-161, -494
1665, 1304
-265, -2018
-265, -2018
-265, -2018
821, 371
-526, -456
-487, 1875
1670, -1440
1670, -1440
1433, -3361
-3368, 1518
-3368, 1518
-3368, 1518
1839, -114
-1353, -984
-2115, 3490
4307, -1610
4307, -1610
2779, 3262
-59, -4218
-59, -4218
-59, -4218
-2691, -42
2235, 1756
949, 2712
935, -3210
935, -3210
-985, 2756
2525, -1934
2525, -1934
2525, -1934
-3289, -647
1877, 2695
-1015, -1097
-201, 1537
-201, 1537
-3941, -2751
1091, 4485
1091, 4485
1091, 4485
1225, -1502
-1601, 404
-2123, 1150
2083, 392
2083, 392
2573, -2708
-3503, 568
-3503, 568
-3503, 568
-2088, 774
1993, 903
-2048, 2354
3051, -779
3051, -779
38, -1722
-1017, 1387
-1017, 1387
-1017, 1387
-2848, -579
1613, 2144
-80, -3039
-1403, 2068
-1403, 2068
126, 3231
1645, -2524
1645, -2524
1645, -2524
-695, -858
-186, 1025
1019, -672
-1320, -29
-1320, -29
-1839, -252
1162, 1255
1162, 1255
1162, 1255
-797, -577
395, 891
655, -1591
-1339, 983
-1339, 983
-3657, -1221
2103, 3035
2103, 3035
2103, 3035
-1645, 516
1800, 653
-1503, -294
782, 1227
782, 1227
-1693, 1710
2824, -501
2824, -501
2824, -501
-2622, 1162
2890, 734
-724, 1868
1838, -550
1838, -550
3192, 1124
-1832, -3224
-1832, -3224
-1832, -3224
-3041, -428
2059, 2042
-1339, -580
611, 1276
611, 1276
3027, -124
-2805, -1706
-2805, -1706
-2805, -1706
474, -1089
-1151, 368
-3506, -4049
-85, 5110
-85, 5110
1728, 2311
93, -3074
93, -3074
93, -3074
-1151, -2123
-297, 2263
1089, -1183
-1587, 145
-1587, 145
-1073, -1265
119, 1915
119, 1915
119, 1915
233, -90
-386, -323
-391, -1042
-408, 1023
-408, 1023
871, 1396
128, -1701
128, -1701
128, -1701
-26, -258
20, -150
-2956, 4224
5024, -1662
5024, -1662
-2742, 42
2072, 1810
2072, 1810
2072, 1810
-1489, 840
1816, 319
-271, 2154
1780, -1597
1780, -1597
-2027, -1036
946, 2007
946, 2007
946, 2007
-3362, -873
2207, 2946
-312, 615
785, -222
785, -222
352, -3579
-2755, 2432
-2755, 2432
-2755, 2432
2194, 258
-1733, -1781
640, -732
-987, 145
-987, 145
-280, -306
5, 483
5, 483
5, 483
-400, -109
32, 585
1066, -2303
-2094, 1307
-2094, 1307
-2262, -1127
978, 2239
978, 2239
978, 2239
-1551, 1371
1540, -320
-2929, -3407
-28, 4152
-28, 4152
1427, -3045
-3188, 1414
-3188, 1414
-3188, 1414
869, 2608
882, -2033
3279, 1840
-1394, -3311
-1394, -3311
-2225, -1548
604, 2875
604, 2875
604, 2875
4818, -840
-4298, -2608
30, -816
-580, 398
-580, 398
714, -3844
-3318, 2424
-3318, 2424
-3318, 2424
725, 1080
225, -1638
37, 354
427, -38
427, -38
2217, -3080
-3269, 1032
-3269, 1032
-3269, 1032
2472, 643
-1299, -2712
722, 859
289, -1190
289, -1190
-416, 1401
1061, -982
1061, -982
1061, -982
-799, 1849
1513, -479
603, -457
-807, 85
-807, 85
-1699, -1543
553, 2281
553, 2281
553, 2281
1234, -119
-750, -595
370, 255
-176, -223
-176, -223
1598, -1613
-2108, 229
-2108, 229
-2108, 229
-1231, 723
1063, 207
2145, 523
-1243, -1587
-1243, -1587
-1459, -1583
47, 1805
47, 1805
47, 1805
-499, -1126
59, 1196
-1889, 966
2099, 70
2099, 70
1007, 2880
1271, -2664
1271, -2664
1271, -2664
424, 211
-663, -760
-378, 1321
1165, -448
1165, -448
-5494, 3029
6173, 1088
6173, 1088
6173, 1088
-277, -1229
-377, 439
-1479, -1039
185, 2017
185, 2017
209, 299
159, -387
159, -387
159, -387
-501, -2074
-969, 2116
229, 2898
1749, -2008
1749, -2008
-1697, -2126
281, 2270
281, 2270
281, 2270
1060, -2198
-2351, 927
-6024, 574
4847, 3385
4847, 3385
4766, -492
-3781, -2639
-3781, -2639
-3781, -2639
1661, 170
-1206, -1121
-399, 1388
1394, -783
1394, -783
1517, 2808
422, -3091
422, -3091
422, -3091
-1068, 201
975, 786
-1254, 1819
1831, -826
1831, -826
-1120, 957
1185, 60
1185, 60
1185, 60
2381, -3613
-4238, 1642
-2013, -4117
-716, 4698
-716, 4698
3053, 2189
-1012, -3178
-1012, -3178
-1012, -3178
730, -2089
-1989, 1436
-330, -1321
-743, 910
-743, 910
-582, 1683
1225, -1070
1225, -1070
1225, -1070
-263, -1073
-494, 850
-1573, 1099
1832, -110
1832, -110
-689, 1001
1286, -114
1286, -114
1286, -114
1413, -1514
-2062, 451
-2507, 194
2414, 1947
2414, 1947
-2513, -3554
-74, 4337
-74, 4337
-74, 4337
3305, 2446
-419, -4308
-189, 3850
2267, -2604
2267, -2604
1181, 1938
-473, -2086
-473, -2086
-473, -2086
850, 2838
1732, -2346
-1386, 2210
2556, -650
2556, -650
-2310, 1522
2880, 90
2880, 90
2880, 90
-1046, -1557
-231, 2352
2942, 703
-1797, -2186
-1797, -2186
350, 1439
781, -1496
781, -1496
781, -1496
1818, -2218
-2723, 361
-350, 4118
2903, -2689
2903, -2689
1290, 414
-605, -1085
-605, -1085
-605, -1085
3576, 1165
-1756, -3041
422, -2353
-1700, 1799
-1700, 1799
2234, 169
-1582, -1557
-1582, -1557
-1582, -1557
-1213, 20
1064, 375
-3087, -1400
1616, 3133
1616, 3133
-459, 1106
814, -463
814, -463
814, -463
