403 717
-918 1323
-1 1183
-2674 1727
109 -2149
-783 918
200 1029
1350 -3626
-252 1289
828 -1026
-275 -738
-961 652
-1701 -1213
-393 -1954
867 -61
-1665 1570
965 -132
-59 -521
749 -20
1238 416
-1426 -1061
699 -64
305 827
-937 -114
-1550 -634
1201 382
864 1131
-27 149
589 -282
1054 -20
-745 834
200 -1645
674 56
-2812 -1009
-1625 -461
709 -812
1298 -1600
-1015 -102
676 -979
995 1023
-1330 -355
-285 1157
-729 -1798
180 1951
-1001 1431
309 -592
508 248
-75 2580
-1142 -1185
-1049 -2165
-778 1401
-385 1563
523 -368
1567 694
1264 2198
1178 -87
170 276
-212 429
-1541 868
689 1107
-1008 -3107
991 -405
-480 -367
-2167 934
-1278 -280
-162 -1551
1396 2148
528 -847
562 1616
-796 -1531
-539 -1606
3576 -210
1371 2572
947 -465
1868 2681
1114 1139
-2066 -732
-65 460
-1130 -802
155 -2110
-1140 -1161
-1731 2135
-457 14
1298 1674
79 594
-1216 555
1604 466
1561 -754
-1970 -2202
1263 -372
227 2822
-1032 -558
-490 945
-1061 -355
-733 750
179 -628
424 340
-78 2757
-783 -765
-252 1105
-1650 36
-1054 237
-2080 -1401
-817 705
296 1225
708 874
-291 168
734 1587
7 355
-702 -1905
182 -2790
1076 -287
-261 28
-1202 1292
841 -506
-241 751
19 -1476
-1165 -1236
-1585 75
-889 -672
-1899 127
-632 -581
497 1072
-2670 2192
1295 -608
2024 -72
499 -104
-862 -51
969 -61
357 1890
-1352 -180
-368 -1069
445 -337
494 -27
-1998 817
-560 182
691 1526
-1736 2632
-975 -254
1622 41
1697 2477
296 1065
-306 -2018
377 -620
232 883
-1958 -2048
72 -469
633 549
-1795 -1054
393 1212
-1197 2029
-420 -1255
665 -485
-581 -380
-399 658
974 -1378
-1167 1490
1704 648
2092 -191
-1699 156
-900 -2092
-191 -1454
-1150 3124
290 -265
1835 556
-1182 1146
433 2112
1676 -432
-52 143
-634 502
1384 11
243 488
2103 -2671
-517 -1192
595 -1453
3192 2501
1088 -323
-878 328
-723 444
2331 615
57 2872
-2532 709
1588 -1400
49 1122
-1662 566
1769 -2402
834 1623
-1076 -2150
-1919 1686
-2198 1102
669 -284
-1229 202
-570 618
46 313
506 -2402
2085 1164
745 870
1831 197
-1572 921
1269 -775
360 367
489 713
633 1302
519 44
1138 1078
-1206 -549
-810 38
2848 113
-1076 13
331 -1557
734 -1389
14 818
-1660 867
-929 -696
-338 -18
613 550
46 -2794
1384 -431
2716 1617
-1616 500
-19 -500
-713 -1299
-665 736
37 1944
280 320
1623 -1040
-3916 1460
-313 -2552
1124 555
1 465
-2011 1484
-979 531
-925 16
-956 -406
-680 -503
-520 1461
28 1400
533 938
-1271 207
1093 -540
808 1571
2270 1526
-1344 -1889
-454 1552
-1717 -1418
554 -121
308 -80
30 -255
2197 669
-829 -2718
247 454
107 -305
-628 -33
724 696
-905 -44
1557 80
701 331
-699 1198
4694 736
-944 1025
-83 256
656 -1054
-1249 1112
39 1251
486 -2311
724 2006
-434 -309
1319 1048
-336 776
-280 79
-188 266
876 725
277 448
1157 -1371
-921 60
302 374
1340 2335
-1772 87
-1265 -1277
1936 211
-763 -353
1915 -966
1376 -467
882 1576
-2447 256
-80 130
1649 -296
-130 -1109
-1154 252
1843 -506
1181 1815
1665 -196
345 542
-932 1154
183 -1420
364 -1056
-127 646
2340 -892
369 2306
-1098 415
2728 -1658
932 -1469
-641 -545
885 654
49 -238
-2908 228
-1208 -899
142 -1604
-100 -735
1216 -1145
649 -1167
874 2809
-2699 965
442 -1127
477 992
1071 -2439
809 -1820
-66 260
456 -2167
-1174 1445
1428 1454
-419 -1094
-2868 -142
-1223 -464
869 -2574
966 -282
29 966
-1988 -458
-11 816
-394 -291
-88 454
2043 -402
-1675 -1625
-2749 598
-952 870
282 -973
1510 549
1441 523
-1513 264
-232 -820
-1682 1579
-158 713
-1226 -1416
1894 -427
1927 2047
1351 1188
-1780 -177
-86 -72
-732 1009
-83 -357
554 -645
695 1432
-722 726
-2266 -581
559 223
1968 699
-2071 -14
-799 -667
1743 222
-89 -647
-1284 -911
-411 -60
-742 1650
-427 638
-726 -256
-635 1304
-62 1802
-128 1503
-1435 -14
-360 -1084
-902 -597
-21 -673
-90 -595
-1451 -290
590 2536
257 -294
-638 1674
-316 -1907
988 27
1427 575
-270 1489
-4166 1384
97 538
-68 1193
24 176
1575 -1234
74 728
-435 1222
-506 783
1157 -1983
104 -179
-523 -141
-223 2368
-1251 702
-622 420
463 -1068
-2139 -977
1195 212
308 1180
-1595 722
980 -2791
2364 612
-12 1607
1231 -1253
1088 1023
-1747 -594
886 -26
-2018 -1359
1213 1251
-986 77
553 422
261 -1167
910 23
513 1429
-1868 379
323 -1314
217 783
483 1358
1073 501
-588 881
-988 993
230 -556
-2743 -230
-236 892
281 1646
-1778 -563
1080 1986
-1837 -248
-970 -802
1391 -1708
675 -139
-888 541
-983 -814
3694 -540
1229 1394
-71 677
1481 1802
712 -1273
-1165 207
-463 -2170
2135 -203
-2206 1637
1518 -1191
56 212
-308 1203
-2220 -728
942 -1293
-70 -17