403 717
-918 1323
-1 1183
-2674 1727
109 -2149
-783 918
200 1029
1350 -3626
-252 1289
828 -1026
-275 -738
-961 652
-1701 -1213
-393 -1954
867 -61
-1665 1570
965 -132
-59 -521
749 -20
1238 416
-1426 -1061
699 -64
305 827
-937 -114
-1550 -634
1201 382
864 1131
-27 149
589 -282
1054 -20
-745 834
200 -1645
674 56
-2812 -1009
-1625 -461
709 -812
1298 -1600
-1015 -102
676 -979
995 1023
-1330 -355
-285 1157
-729 -1798
180 1951
-1001 1431
309 -592
508 248
-75 2580
-1142 -1185
-1049 -2165
-778 1401
-385 1563
523 -368
1567 694
1264 2198
1178 -87
170 276
-212 429
-1541 868
689 1107
-1008 -3107
991 -405
-480 -367
-2167 934
-1278 -280
-162 -1551
1396 2148
528 -847
562 1616
-796 -1531
-539 -1606
3576 -210
1371 2572
947 -465
1868 2681
1114 1139
-2066 -732
-65 460
-1130 -802
155 -2110
-1140 -1161
-1731 2135
-457 14
1298 1674
79 594
-1216 555
1604 466
1561 -754
-1970 -2202
1263 -372
227 2822
-1032 -558
-490 945
-1061 -355
-733 750
179 -628
424 340
-78 2757
-783 -765
-252 1105