403 717
-918 1323
-1 1183
-2674 1727
109 -2149
-783 918
200 1029
1350 -3626
-252 1289
828 -1026
-275 -738
-961 652
-1701 -1213
-393 -1954
867 -61
-1665 1570
965 -132
-59 -521
749 -20
1238 416
-1426 -1061
699 -64
305 827
-937 -114
-1550 -634
1201 382
864 1131
-27 149
589 -282
1054 -20
-745 834
200 -1645
674 56
-2812 -1009
-1625 -461
709 -812
1298 -1600
-1015 -102
676 -979
995 1023
-1330 -355
-285 1157
-729 -1798
180 1951
-1001 1431
309 -592
508 248
-75 2580
-1142 -1185
-1049 -2165
-778 1401
-385 1563
523 -368
1567 694
1264 2198
1178 -87
170 276
-212 429
-1541 868
689 1107
-1008 -3107
991 -405
-480 -367
-2167 934
-1278 -280
-162 -1551
1396 2148
528 -847
562 1616
-796 -1531
-539 -1606
3576 -210
1371 2572
947 -465
1868 2681
1114 1139
-2066 -732
-65 460
-1130 -802
155 -2110
-1140 -1161
-1731 2135
-457 14
1298 1674
79 594
-1216 555
1604 466
1561 -754
-1970 -2202
1263 -372
227 2822
-1032 -558
-490 945
-1061 -355
-733 750
179 -628
424 340
-78 2757
-783 -765
-252 1105
-1650 36
-1054 237
-2080 -1401
-817 705
296 1225
708 874
-291 168
734 1587
7 355
-702 -1905
182 -2790
1076 -287
-261 28
-1202 1292
841 -506
-241 751
19 -1476
-1165 -1236
-1585 75
-889 -672
-1899 127
-632 -581
497 1072
-2670 2192
1295 -608
2024 -72
499 -104
-862 -51
969 -61
357 1890
-1352 -180
-368 -1069
445 -337
494 -27
-1998 817
-560 182
691 1526
-1736 2632
-975 -254
1622 41
1697 2477
296 1065
-306 -2018
377 -620
232 883
-1958 -2048
72 -469
633 549
-1795 -1054
393 1212
-1197 2029
-420 -1255
665 -485
-581 -380
-399 658
974 -1378
-1167 1490
1704 648
2092 -191
-1699 156
-900 -2092
-191 -1454
-1150 3124
290 -265
1835 556
-1182 1146
433 2112
1676 -432
-52 143
-634 502
1384 11
243 488
2103 -2671
-517 -1192
595 -1453
3192 2501
1088 -323
-878 328
-723 444
2331 615
57 2872
-2532 709
1588 -1400
49 1122
-1662 566
1769 -2402
834 1623
-1076 -2150
-1919 1686
-2198 1102
669 -284
-1229 202
-570 618
46 313
506 -2402
2085 1164
745 870
1831 197
-1572 921
1269 -775
360 367
489 713
633 1302
519 44
1138 1078
-1206 -549
-810 38
2848 113
-1076 13
331 -1557
734 -1389
14 818
-1660 867
-929 -696
-338 -18
613 550
46 -2794
1384 -431
2716 1617
-1616 500
-19 -500
-713 -1299
-665 736
37 1944
280 320
1623 -1040
-3916 1460
-313 -2552
1124 555
1 465
-2011 1484
-979 531
-925 16
-956 -406
-680 -503
-520 1461
28 1400
533 938
-1271 207
1093 -540
808 1571
2270 1526
-1344 -1889
-454 1552
-1717 -1418
554 -121
308 -80
30 -255
2197 669
-829 -2718
247 454
107 -305
-628 -33
724 696
-905 -44
1557 80
701 331
-699 1198
4694 736
-944 1025
-83 256
656 -1054
-1249 1112
39 1251
486 -2311
724 2006
-434 -309
1319 1048
-336 776
-280 79
-188 266
876 725
277 448
1157 -1371
-921 60
302 374
1340 2335
-1772 87
-1265 -1277
1936 211
-763 -353
1915 -966
1376 -467
882 1576
-2447 256
-80 130
1649 -296
-130 -1109
-1154 252
1843 -506
1181 1815
1665 -196
345 542
-932 1154
183 -1420
364 -1056
-127 646
2340 -892
369 2306
-1098 415
2728 -1658
932 -1469
-641 -545
885 654
49 -238
-2908 228
-1208 -899
142 -1604
-100 -735
1216 -1145
649 -1167
874 2809
-2699 965
442 -1127
477 992
1071 -2439
809 -1820
-66 260
456 -2167
-1174 1445
1428 1454
-419 -1094
-2868 -142
-1223 -464
869 -2574
966 -282
29 966
-1988 -458
-11 816
-394 -291
-88 454
2043 -402
-1675 -1625
-2749 598
-952 870
282 -973
1510 549
1441 523
-1513 264
-232 -820
-1682 1579
-158 713
-1226 -1416
1894 -427
1927 2047
1351 1188
-1780 -177
-86 -72
-732 1009
-83 -357
554 -645
695 1432
-722 726
-2266 -581
559 223
1968 699
-2071 -14
-799 -667
1743 222
-89 -647
-1284 -911
-411 -60
-742 1650
-427 638
-726 -256
-635 1304
-62 1802
-128 1503
-1435 -14
-360 -1084
-902 -597
-21 -673
-90 -595
-1451 -290
590 2536
257 -294
-638 1674
-316 -1907
988 27
1427 575
-270 1489
-4166 1384
97 538
-68 1193
24 176
1575 -1234
74 728
-435 1222
-506 783
1157 -1983
104 -179
-523 -141
-223 2368
-1251 702
-622 420
463 -1068
-2139 -977
1195 212
308 1180
-1595 722
980 -2791
2364 612
-12 1607
1231 -1253
1088 1023
-1747 -594
886 -26
-2018 -1359
1213 1251
-986 77
553 422
261 -1167
910 23
513 1429
-1868 379
323 -1314
217 783
483 1358
1073 501
-588 881
-988 993
230 -556
-2743 -230
-236 892
281 1646
-1778 -563
1080 1986
-1837 -248
-970 -802
1391 -1708
675 -139
-888 541
-983 -814
3694 -540
1229 1394
-71 677
1481 1802
712 -1273
-1165 207
-463 -2170
2135 -203
-2206 1637
1518 -1191
56 212
-308 1203
-2220 -728
942 -1293
-70 -17
-75 -2481
-648 1921
867 395
898 267
81 640
-772 -938
-546 385
394 2154
-22 425
399 -1624
1920 542
-1013 1010
587 -2415
-6 1013
2003 -1315
-790 1643
-253 578
2358 1176
-315 790
-475 849
-1196 125
641 1166
-451 -307
356 1871
-161 -77
-160 219
159 494
-1458 -2182
335 518
-457 631
-1482 -2317
918 -357
425 1147
650 -1371
2305 -213
-335 2794
-1220 -271
1791 -1329
1420 -1447
-1447 577
-1201 -2264
-1006 -909
1135 375
-810 1755
-2904 240
703 -404
225 1828
-1357 -1401
-938 -3
3162 588
-613 522
-2905 -1723
-685 574
769 344
-1200 1438
-2240 -2481
1762 -450
-800 1943
-2409 -396
1027 -1025
1902 1031
-323 -155
-998 1397
921 -478
333 -593
-120 55
-1848 -900
248 19
-2333 1996
-1546 -1730
1629 -4
-1861 1017
-684 -235
-1894 -1787
926 74
501 632
-1740 632
559 -594
-1180 -775
-210 -2006
-431 -1832
469 1255
-1673 -1368
399 1451
-1070 -37
-1179 -1682
-1810 -72
-1951 20
618 -510
2153 -756
-1066 -1791
-719 -415
-874 609
111 1233
653 -974
1 468
-3603 -567
-50 -181
240 -1202
-1074 -2111
-618 477
-861 -109
-2062 -999
828 148
458 1261
1513 720
541 81
1382 643
-978 -1036
1026 361
2945 1506
-1702 -1022
-2503 1444
-275 -1385
572 -369
1844 -626
-2006 -1023
451 -220
-1193 -353
-3291 -1582
-1505 -563
1634 -663
137 -256
-3219 -61
795 254
1265 1069
-844 309
-215 1622
887 717
851 1242
617 -799
-82 87
1500 -903
-382 -182
82 -469
-929 -213
-1189 320
1216 595
-67 1321
-546 -861
-1662 2240
-161 126
-906 -353
2776 810
-2386 -1067
2116 -180
1333 188
-480 3134
-1253 988
3522 -1687
-274 1744
1410 -1449
-1677 -2037
-29 734
-1023 -2172
493 -909
978 87
-256 -1468
2200 135
-537 -268
1025 -1795
-630 565
-200 1342
1394 -1119
-173 -520
-678 2176
-777 18
1280 184
-1046 1163
238 -207
-1315 909
-36 -1235
-639 803
-232 -2319
-1286 443
118 608
307 78
2037 401
-741 -212
-564 -160
246 -413
1192 139
861 -1187
753 -1178
-616 -1854
405 -768
-622 -1595
-1643 -189
-243 -2544
1578 348
-1763 -714
-1034 35
220 1932
1350 -1233
347 551
1519 -780
233 294
1869 -675
-808 759
1005 585
-8 -1375
382 -49
-914 -1928
-292 -1685
-366 1378
-738 -841
619 -1858
1933 2443
190 -839
-428 -1920
-264 -891
131 1984
-1802 1300
-887 916
-308 -762
-1212 27
316 -426
662 719
1331 1496
-257 -263
-135 976
1791 -353
2174 4193
-3309 -1290
-1128 -790
1433 724
-427 1717
824 719
720 -53
1323 1087
-499 -1852
2484 -600
965 -674
-1968 -263
-1316 -116
-202 -625
-594 -1506
1255 -544
810 1067
-1822 254
-1286 -699
-349 -1115
-1532 -845
-1076 2547
-2250 -1012
94 -2291
-160 176
-453 -354
-646 1830
195 -154
732 47
-2121 -1979
744 555
377 -955
-843 -1158
-1601 500
-364 -2418
-1183 204
-927 1715
-1562 579
1697 -1878
-138 1684
-2030 669
-848 -1096
912 -277
159 -104
-1866 -138
1685 796
-922 -2326
836 -309
-196 -1305
-1033 -525
1598 -769
-468 1688
494 -527
-174 359
-801 -2141
522 541
-7 -1259
173 -1034
-1959 -1155
-320 -1197
992 -1425
-800 2784
-1527 -1424
754 -560
561 600
-2499 -478
2433 -181
2779 -548
138 -388
-1213 1192
-1342 101
-264 -68
2492 441
-1040 -444
1343 -186
615 2116
-1408 -306
-598 -2145
2483 215
-1170 1809
1097 -134
1393 1173
378 -81
-226 -1380
-748 -1503
-673 -40
-925 -831
936 -1161
591 -1323
1202 955
1588 -42
54 -501
-419 -370
276 494
-998 1015
718 -1316
381 896
485 -2
1608 -566
481 -1812
325 -977
-18 -1213
-1113 -130
1608 -712
-1109 -574
1796 -982
279 -90
-330 -375
1011 317
1187 122
2335 1353
-912 -229
640 683
-1205 11
1836 11
860 764
-415 -1900
526 1397
1096 -1792
696 -1073
-508 940
1332 1337
514 1874
893 858
-346 -2097
-856 -110
533 -2126
-1108 438
739 -4
-1532 1581
-551 163
398 -1013
-824 1690
345 1520
-485 820
829 -1075
1605 1074
-495 477
368 -2189
77 1966
-818 1050
833 4
185 1023
-1072 209
-739 -480
710 -1252
2115 -784
905 -495
-1582 -497
-526 -233
1644 2164
313 194
1319 -549
-764 -2611
1910 -517
-2213 1891
-334 -2365
498 938
-1541 -284
-231 -73
-238 -813
-434 -79
-460 -1982
1031 398
-1220 222
-285 1562
416 -1071
-1763 -735
-921 -2078
17 -421
-195 1312
718 51
-841 1453
-280 -1425
-162 374
-637 -562
-67 1812
-1548 -1184
1692 -1255
-398 1586
-80 1403
437 -80
1461 233
1324 -459
522 -960
564 -1163
1739 -554
-580 520
1888 231
739 835
-428 1757
-3155 -285
-560 -1851
-1229 350
1339 -263
-1488 -39
2328 -966
-673 660
667 978
1362 -1848
1313 -56
1155 -2775
841 32
-193 -70
2312 -86
1275 -656
-681 963
469 572
-1206 -227
568 -380
1333 -1102
2121 -381
-511 -1822
-287 -2190
1781 1197
1816 1199
253 -2159
-319 -102
-292 1163
360 1522
-290 -663
652 -40
-930 509
747 -279
1041 216
86 1335
-738 678
246 41
-1238 -1024
323 472
-912 135
488 1106
-832 -1287
1910 -538
-783 872
649 -124
499 669
-82 -1737
819 191
28 771
1879 616
270 216
1185 -770
-567 -701
-866 569
865 -502
-1227 615
115 -2472
-103 159
2054 61
2628 345
-2056 358
-763 60
1008 -546
24 97
-1066 -258
18 -335
-108 -443
-1572 1456
-1571 -214
489 -1399
-2881 812
1190 -1549
-1794 -790
539 -720
443 -399
207 664
754 2275
314 58
-1515 1162
789 2101
-559 -1462
-922 593
-191 -2075
-1048 -771
141 -1837
181 -484
1537 -460
33 557
-853 310
492 534
-1892 -445
351 -304
165 -719
1649 346
380 292
-514 -859
941 855
-1328 -135
159 1232
1432 876
-638 5
-807 2427
984 2223
5 516
981 -1573
140 969
-771 3251
58 -1435
558 1055
-856 1814
-2885 -1064
-920 202
653 -2380
185 -584
-433 1
1305 1166
-485 -319
-101 -722
122 1173
1584 -366
1375 -340
-1338 -566
1225 1266
915 478
418 1882
-212 805
-2027 -159
295 3972
362 -551
166 692
-636 1137
1164 526
-454 -871
-1034 -750
-567 2108
812 1025
1225 2297
792 887
2386 356
-899 1750
538 559
630 78
1062 1171
1032 1694
281 -1342
907 1464
-2005 927
605 798
497 489
1508 1985
1155 -1348
1121 1503
2979 -890
452 -892
95 1000
475 828
1211 -235
-809 122
-616 -1392
672 229
-712 389
1639 -729
-321 -460
100 -246
-702 -1199
-315 -1619
1460 609
1192 133
333 2243
22 -1027
-1122 -2148
-259 1248
66 739
-985 -973
-513 2168
583 -509
-471 -1108
-2210 57
-441 269
508 -1671
-994 -1554
-527 1340
-2018 49
39 147
271 1528
-1461 1591
241 -1568
1505 128
-350 1736
-33 -1670
1550 -2282
138 -343
-1139 336
-1623 59
525 2044
-825 281
-4 -795
313 -297
2262 -1189
1138 891
-1400 -1030
646 -261
1304 18
170 963
807 -390
1183 -1279
151 -594
-51 643
278 571
-420 -35
1729 -1253
-439 88
1168 -144
-981 1350
-581 -6
119 2463
-447 -2432
1564 1508
-1745 -190
-778 -1885
1455 1253
59 2530
300 464
1363 -2940
-1359 1776
-365 -243
-300 -43
-3037 -1011
-1399 1126
-339 535
-648 293
972 -1645
697 -715
-782 367
-952 1024
615 -1064
-828 433
-631 799
1382 -315
806 1008
1772 -771
756 813
-1153 -649
376 -1691
772 2602
189 -1402
-633 -1622
1784 -1254
-855 -148
1577 167
-142 -139
-1459 -166
-1011 711
-1079 210
-867 -283
1384 -1363
479 -182
588 968
-451 -1104
0 -314
890 621
-482 600
-926 -283
-1999 1426
490 494
145 -806
109 719
-504 3013
1098 187
1446 -1624
-1952 313
-58 -1204
955 -1430
1368 71
395 -1785
127 1412
222 -1234
129 -2392
-624 387
746 -514
30 2383
-636 364
-1097 1196
455 312
965 2187
-2997 -1328
-1649 -677
-313 -1738
1013 -740
-612 156
941 -2214
901 -1139
-382 787
731 2238
-94 -334
-683 -62
71 861
-560 -927
1326 1782
-1238 -607
-2917 -1994
1079 -753
-1114 87
216 -138
2620 -175
905 -186
-502 -84
1335 556
1189 -913
-586 -1391
1062 -93
-2264 1488
189 -1566
1093 -1495
353 2092
-738 1281
837 -2489
1883 260
-1072 -278
-367 -1256
594 383
-1417 539
-625 -504
-518 158
729 -1238
-111 2944
-1301 -1159
1422 -1355
198 278
-643 1584
-917 -437
-1324 375
-1064 1239
-543 -1009
-1762 2469
-565 1423
-2315 -500
-54 1847
106 -526
-710 1691
834 -1176
594 -1427
-375 -646
-627 -2165
-504 -2027
818 -278
-2309 1418
-21 932
1162 -546
-727 824
1456 -120
-2006 1025
-813 2920
866 1142
265 1492
543 495
751 482
-684 1073
700 -424
263 -1406
-1408 -990
-927 246
2381 -779
-1062 179
-611 1670
-107 349
2907 312
-114 -1644
1374 215
-2724 -21
552 1142
-1861 970
-694 1488
205 1252
-592 1439
-1730 896
130 17
-157 2719
469 1116
-1730 -1579
2004 -894
-232 2391
34 120
1019 -142
-317 -1174
-251 -1189
112 -199
2045 -907
783 612
-437 -1238
-313 -1071
2497 16
-1185 1765
-16 -1121
-707 535
1825 688
1813 -266
1000 264
1308 -1233
26 2918
-882 87
-1159 -1068
-1145 -927
1260 401
68 -50
1532 -1193
69 1364
-480 748
-1919 -154
496 -514
80 1023
-1092 2661
-855 -2209
1031 -54
-1795 113
-609 100
-176 1049
-1013 1523
-957 -606
808 -944
-1325 312
-192 1685
34 796
781 -1676
243 -1081
123 -422
916 120
1457 -1534
742 1401
-350 1178
-1067 -210
-46 998
-1187 -160
-1379 558
538 -1240
426 217
-1413 -1455
1773 -1416
-786 1721
-1474 970
-884 -679
1736 -508
-930 1747
-415 264
-1091 243
158 -545
-737 207
462 -1271
-850 -1381
1835 -939
-2483 1250
-754 -210
180 -267
573 2296
-1430 1048
2095 -1972
1564 172
-1833 -146
1302 165
1000 -396
339 624
-1104 1418
2061 1056
485 113
-12 -493
-355 -886
1369 -897
721 1618
3327 -257
-1342 -1939
-900 423
803 1869
-545 1508
-522 1224
263 1982
-1310 -683
312 -1140
2400 -1633
834 262
-653 1098
866 -657
-550 -992
-106 -657
1283 241
75 542
-1689 1560
-428 -1420
-1942 -277
1112 1852
2605 54
-1121 2352
119 833
345 552
-621 681
-747 -964
263 107
-913 576
-509 -1114
-500 -424
318 -107
-344 276
-1668 253
-2019 -994
-46 990
-501 744
-1055 -589
1504 -841
713 1398
-2244 -788
-1536 919
248 -1072
1474 411
-990 811
2553 29
69 880
136 -1428
963 -1748
422 875
-1690 570
2532 759
-626 -206
-2545 -886
-1546 1757
-583 361
1001 -104
369 2497
-1339 480
-651 2305
931 58
796 947
805 -123
1183 484
-1056 2124
-1879 842
662 -355
1332 2038
-1374 -645
-999 -169
1700 -1881
-2088 1771
-1284 -1890
564 989
1423 663
950 1289
306 -1759
1594 412
-118 659
-1191 785
-396 663
794 -79
341 1303
-329 72
-681 -585
1956 1413
-589 1408
-536 546
-565 30
-1686 1738
-999 -612
-499 1043
1078 1389
327 552
320 2058
333 -1690
-145 1379
-1435 336
107 -142
26 2216
-173 -954
-631 -1447
144 -1907
454 -511
-1405 -21
3349 -302
-243 501
907 -550
-34 -425
1336 -288
128 -419
-1908 -800
245 -1504
1292 -159
-957 311
460 345
179 -315
1357 -296
-497 974
-2196 -904
2772 1065
-1646 -1264
-1710 285
1736 958
3043 -40
1125 876
649 1563
-1183 1002
-1171 2835
-2078 793
1001 966
878 340
-1583 518
-1231 111
1292 -497
-361 -1760
243 -565
1347 268
529 -207
-248 463
-201 -202
-930 -1180
1982 -477
-927 1521
-866 579
-572 -2457
1577 -1433
-332 -861
-242 296
1519 -1108
-446 1303
-527 -847
1488 -747
304 752
-555 -70
-620 57
121 -2159
1473 -1632
-2692 -24
1595 -1036
-1981 -299
965 580
-1964 -539
921 -229
-1101 1164
-2701 -485
647 -56
187 878
-175 95
-1592 -3317
2024 1682
1776 705
229 602
-176 -254
-664 -707
-35 -557
-1580 735
-1161 -1398
-533 965
798 1697
-96 -938
-390 -645
-259 1238
-1079 -517
893 -1320
1327 353
1006 1729
-560 -1137
1072 526
451 162
-334 46
233 -912
1272 526
-876 -831
-479 1278
657 141
-589 60
1849 809
1349 -600
3657 1358
634 584
-2077 -2828
182 576
710 733
-1144 1399
-823 619
1078 185
-1581 829
-785 -248
938 -1691
2717 -927
1624 455
-1924 440
613 -1652
1232 1155
1567 571
-564 -13
1898 588
-1303 672
591 762
387 -141
226 1573
2148 1512
118 -279
787 1629
869 -946
-1463 -1088
-1253 -1185
922 721
531 -359
2828 -105
225 476
-367 1427
-569 2414
-2485 -1581
1988 487
923 1898
701 2005
29 874
764 1030
-126 587
-721 -1858
697 2673
745 28
-111 -823
1188 261
892 1121
-356 650
934 -1647
-1054 -664
-953 836
2592 -1025
-549 -607
-904 1271
2969 2027
229 2010
1815 1113
-435 1066
-1738 -255
293 -109
-463 1732
-1312 -284
23 -588
-1520 -791
333 273
-398 -1073
1043 407
-1129 896
1833 -512
-524 120
-426 1255
1378 -300
526 2449
-1015 1184
12 -1238
2066 1213
642 -888
1024 -2201
-711 -152
-876 764
934 -1175
1946 -1132
-356 -1165
-1376 119
1017 -407
-425 760
-787 -2475
1608 61
1851 -2091
-464 1235
79 882
109 -1071
2973 526
-868 56
-1644 -1701
-207 -124
-221 1523
979 -1236
116 208
-2959 78
88 1303
-1935 -2465
-515 568
256 806
-1803 814
-359 -624
1514 -1420
-512 1175
-649 -1005
843 -1220
-134 -111
-65 -357
-376 -1475
2015 217
-522 -245
-1937 -716
-16 -30
-468 1283
-966 -124
-2482 -225
260 -1547
-923 451
-272 -685
-180 -96
3282 -241
-1644 1730
-2107 -1682
-923 -122
664 288
-748 685
-433 547
892 1987
-871 1330
-2239 247
-389 70
886 832
-654 571
147 1882
1514 622
159 3018
-914 578
1368 -2105
674 255
-1327 573
1311 498
1555 1223
-202 -897
930 2087
-1482 262
-148 969
-611 841
-2021 -188
-2844 -703
300 -2102
952 201
-2058 154
257 1086
280 582
-503 -448
-338 -1809
1361 -651
-529 1354
260 -1756
-921 236
996 1335
-1447 -445
-221 -540
-849 97
1121 802
37 -1698
-996 148
-1002 -59
-1115 -653
-516 2053
1505 -360
-1868 -802
-1409 162
-1954 1076
936 861
-1913 -668
-1982 516
1586 -1553
1236 -318
256 -1167
2334 -505
-593 -809
-67 1216
494 -2468
912 1187
1449 -389
2798 -399
-567 -2068
711 1101
909 1056
-2153 -669
-2756 259
259 614
-222 1588
365 -534
-304 -1108
-857 -710
-1615 -830
-449 -1613
325 -1660
376 -198
1355 688
-497 -1586
732 1834
-3778 2859
748 -1476
1065 -1668
-197 -520
-1594 1042
-800 -773
1693 -923
-1368 811
-347 -1040
368 -962
488 -709
-1108 -266
374 1073
-331 -1115
389 950
762 -223
-1033 -145
466 1475
-172 468
-365 -1860
51 -2306
-106 -20
-680 1029
-562 -740
-1238 -287
1439 -76
-1922 -392
1215 -338
1137 2477
-1383 3148
21 1186
698 1158
-71 -1062
-1218 -2536
584 163
414 1261
1251 719
-35 1276
883 -2313
-571 -1174
-1618 -927
1431 -2667
-2688 1573
-418 952
1300 1385
707 -1403
-806 517
-2388 1375
-264 -2142
154 1931
-92 1656
-109 614
-1294 981
180 562
-780 -465
268 -140
-1729 -310
-1264 1441
627 1185
408 -2715
-1126 760
-2945 -2038
-597 -1196
-247 779
390 327
-2147 533
-1110 553
-907 -236
-1928 -936
-385 784
-26 -246
462 491
-103 -1012
942 -1902
920 1785
-427 659
-2178 347
118 -393
1108 796
1055 -182
372 920
430 -609
1814 968
-2840 981
1043 -1710
1538 774
-1453 -656
-275 -333
-226 221
-1874 1329
571 -239
197 -204
-856 -236
-251 -1486
-1042 -101
1318 396
1363 2126
133 1729
319 438
-406 1311
138 86
578 1481
28 -1870
-1171 2330
-143 1148
-1850 -1342
698 311
-180 504
-808 -947
911 -458
1468 -384
-748 757
-1988 -864
906 3111
350 -212
243 -428
1102 23
-481 -283
-1590 -1889
-1243 -861
1761 -974
1007 -1066
-999 1303
362 769
748 844
-1042 123
-1009 -30
1002 -1742
1213 -48
-755 2883
998 -1607
-541 276
790 -2964
1547 -122
1751 313
-420 2107
542 -95
-594 1138
2185 -744
-235 4661
211 -810
-1532 -51
987 2743
-2424 921
645 -649
1202 -1057
65 -29
-1074 1497
-1212 -1509
2034 1124
-974 1401
-368 -860
-595 736
722 4333
1310 -1888
-794 -481
-1191 275
191 -2336
108 -5
1216 -24
-1460 951
720 788
-1327 -672
45 1700
143 -129
-1292 361
1642 404
1260 1407
279 -1004
308 -560
1469 -188
827 -699
-1242 -35
-1239 -2330
-787 -1271
1197 1956
248 166
-2030 279
995 -349
-678 -669
-1573 -1346
-243 -1391
-616 1177
-1384 3206
792 -161
2868 955
-1075 285
-233 -996
323 -921
-211 928
-1510 -481
347 -2275
211 212
-1213 -729
-777 392
86 -1643
-959 -1421
-731 -932
401 1261
591 -980
-2022 809
162 -1046
96 -2447
983 727
-1845 -316
953 -2188
1254 1470
598 1895
-178 -1890
1214 -211
599 1753
-221 2266
-1290 -951
1230 -804
714 661
-373 -1443
431 502
526 -411
-2730 374
916 735
-1015 257
931 -1246
-851 420
-1327 -745
12 1333
1783 -279
-1302 1905
1108 325
2270 -438
-2207 -1832
-244 258
-355 -800
296 835
1559 -27
169 988
2813 -431
355 1754
-745 -1134
208 -2252
471 820
-856 -142
1317 490
1244 -3197
1284 2020
574 -1201
1515 583
-297 500
-964 186
-213 -1982
-1476 235
-732 1016
-24 -141
-2187 81
913 -954
3110 299
-1723 1133
200 -785
-1515 -1583
-1925 -1422
648 -1359
1682 1872
1864 -239
-1609 379